# JRE version: OpenJDK Runtime Environment (21.0.6) (build 21.0.6+-13355223-b631.42)
# Java VM: OpenJDK 64-Bit Server VM (21.0.6+-13355223-b631.42, mixed mode, tiered, compressed oops, compressed class ptrs, g1 gc, windows-amd64)
GC Precious Log:
 CardTable entry size: 512
 Card Set container configuration: InlinePtr #cards 4 size 8 Array Of Cards #cards 32 size 80 Howl #buckets 8 coarsen threshold 7372 Howl Bitmap #cards 1024 size 144 coarsen threshold 921 Card regions per heap region 1 cards per card region 8192
 CPUs: 8 total, 8 available
 Memory: 7975M
 Large Page Support: Disabled
 NUMA Support: Disabled
 Compressed Oops: Enabled (Zero based)
 Heap Region Size: 4M
 Heap Min Capacity: 8M
 Heap Initial Capacity: 128M
 Heap Max Capacity: 8G
 Pre-touch: Disabled
 Parallel Workers: 8
 Concurrent Workers: 2
 Concurrent Refinement Workers: 8
 Periodic GC: Disabled
Heap:
 garbage-first heap   total 1110016K, used 480993K [0x0000000600000000, 0x0000000800000000)
  region size 4096K, 5 young (20480K), 5 survivors (20480K)
 Metaspace       used 157123K, committed 159872K, reserved 1245184K
  class space    used 21268K, committed 22592K, reserved 1048576K
GC Heap History (20 events):
Event: 49.813 GC heap after
{Heap after GC invocations=74 (full 0):
 garbage-first heap   total 561152K, used 347877K [0x0000000600000000, 0x0000000800000000)
  region size 4096K, 6 young (24576K), 6 survivors (24576K)
 Metaspace       used 152746K, committed 155456K, reserved 1245184K
  class space    used 20780K, committed 22080K, reserved 1048576K
}
Event: 50.441 GC heap before
{Heap before GC invocations=75 (full 0):
 garbage-first heap   total 581632K, used 503525K [0x0000000600000000, 0x0000000800000000)
  region size 4096K, 44 young (180224K), 6 survivors (24576K)
 Metaspace       used 153517K, committed 156224K, reserved 1245184K
  class space    used 20901K, committed 22208K, reserved 1048576K
}
Event: 50.464 GC heap after
{Heap after GC invocations=76 (full 0):
 garbage-first heap   total 581632K, used 361926K [0x0000000600000000, 0x0000000800000000)
  region size 4096K, 4 young (16384K), 4 survivors (16384K)
 Metaspace       used 153517K, committed 156224K, reserved 1245184K
  class space    used 20901K, committed 22208K, reserved 1048576K
}
Event: 51.018 GC heap before
{Heap before GC invocations=76 (full 0):
 garbage-first heap   total 581632K, used 529862K [0x0000000600000000, 0x0000000800000000)
  region size 4096K, 45 young (184320K), 4 survivors (16384K)
 Metaspace       used 155047K, committed 157760K, reserved 1245184K
  class space    used 21138K, committed 22464K, reserved 1048576K
}
Event: 51.038 GC heap after
{Heap after GC invocations=77 (full 0):
 garbage-first heap   total 1110016K, used 364607K [0x0000000600000000, 0x0000000800000000)
  region size 4096K, 2 young (8192K), 2 survivors (8192K)
 Metaspace       used 155047K, committed 157760K, reserved 1245184K
  class space    used 21138K, committed 22464K, reserved 1048576K
}
Event: 53.580 GC heap before
{Heap before GC invocations=77 (full 0):
 garbage-first heap   total 1110016K, used 966719K [0x0000000600000000, 0x0000000800000000)
  region size 4096K, 150 young (614400K), 2 survivors (8192K)
 Metaspace       used 155884K, committed 158592K, reserved 1245184K
  class space    used 21195K, committed 22528K, reserved 1048576K
}
Event: 53.620 GC heap after
{Heap after GC invocations=78 (full 0):
 garbage-first heap   total 1110016K, used 374507K [0x0000000600000000, 0x0000000800000000)
  region size 4096K, 5 young (20480K), 5 survivors (20480K)
 Metaspace       used 155884K, committed 158592K, reserved 1245184K
  class space    used 21195K, committed 22528K, reserved 1048576K
}
Event: 56.904 GC heap before
{Heap before GC invocations=78 (full 0):
 garbage-first heap   total 1110016K, used 1017579K [0x0000000600000000, 0x0000000800000000)
  region size 4096K, 162 young (663552K), 5 survivors (20480K)
 Metaspace       used 156249K, committed 158976K, reserved 1245184K
  class space    used 21201K, committed 22528K, reserved 1048576K
}
Event: 56.931 GC heap after
{Heap after GC invocations=79 (full 0):
 garbage-first heap   total 1110016K, used 381441K [0x0000000600000000, 0x0000000800000000)
  region size 4096K, 6 young (24576K), 6 survivors (24576K)
 Metaspace       used 156249K, committed 158976K, reserved 1245184K
  class space    used 21201K, committed 22528K, reserved 1048576K
}
Event: 60.631 GC heap before
{Heap before GC invocations=79 (full 0):
 garbage-first heap   total 1110016K, used 1020417K [0x0000000600000000, 0x0000000800000000)
  region size 4096K, 162 young (663552K), 6 survivors (24576K)
 Metaspace       used 156496K, committed 159232K, reserved 1245184K
  class space    used 21229K, committed 22528K, reserved 1048576K
}
Event: 60.658 GC heap after
{Heap after GC invocations=80 (full 0):
 garbage-first heap   total 1110016K, used 384464K [0x0000000600000000, 0x0000000800000000)
  region size 4096K, 7 young (28672K), 7 survivors (28672K)
 Metaspace       used 156496K, committed 159232K, reserved 1245184K
  class space    used 21229K, committed 22528K, reserved 1048576K
}
Event: 63.877 GC heap before
{Heap before GC invocations=81 (full 0):
 garbage-first heap   total 1110016K, used 1011152K [0x0000000600000000, 0x0000000800000000)
  region size 4096K, 161 young (659456K), 7 survivors (28672K)
 Metaspace       used 156731K, committed 159424K, reserved 1245184K
  class space    used 21241K, committed 22528K, reserved 1048576K
}
Event: 63.938 GC heap after
{Heap after GC invocations=82 (full 0):
 garbage-first heap   total 1110016K, used 432933K [0x0000000600000000, 0x0000000800000000)
  region size 4096K, 19 young (77824K), 19 survivors (77824K)
 Metaspace       used 156731K, committed 159424K, reserved 1245184K
  class space    used 21241K, committed 22528K, reserved 1048576K
}
Event: 64.606 GC heap before
{Heap before GC invocations=82 (full 0):
 garbage-first heap   total 1110016K, used 961317K [0x0000000600000000, 0x0000000800000000)
  region size 4096K, 149 young (610304K), 19 survivors (77824K)
 Metaspace       used 156827K, committed 159552K, reserved 1245184K
  class space    used 21242K, committed 22528K, reserved 1048576K
}
Event: 64.699 GC heap after
{Heap after GC invocations=83 (full 0):
 garbage-first heap   total 1110016K, used 446230K [0x0000000600000000, 0x0000000800000000)
  region size 4096K, 13 young (53248K), 13 survivors (53248K)
 Metaspace       used 156827K, committed 159552K, reserved 1245184K
  class space    used 21242K, committed 22528K, reserved 1048576K
}
Event: 65.713 GC heap before
{Heap before GC invocations=83 (full 0):
 garbage-first heap   total 1110016K, used 986902K [0x0000000600000000, 0x0000000800000000)
  region size 4096K, 146 young (598016K), 13 survivors (53248K)
 Metaspace       used 157053K, committed 159808K, reserved 1245184K
  class space    used 21264K, committed 22592K, reserved 1048576K
}
Event: 65.759 GC heap after
{Heap after GC invocations=84 (full 0):
 garbage-first heap   total 1110016K, used 478489K [0x0000000600000000, 0x0000000800000000)
  region size 4096K, 11 young (45056K), 11 survivors (45056K)
 Metaspace       used 157053K, committed 159808K, reserved 1245184K
  class space    used 21264K, committed 22592K, reserved 1048576K
}
Event: 66.627 GC heap before
{Heap before GC invocations=85 (full 0):
 garbage-first heap   total 1110016K, used 998681K [0x0000000600000000, 0x0000000800000000)
  region size 4096K, 138 young (565248K), 11 survivors (45056K)
 Metaspace       used 157100K, committed 159808K, reserved 1245184K
  class space    used 21266K, committed 22592K, reserved 1048576K
}
Event: 66.673 GC heap after
{Heap after GC invocations=86 (full 0):
 garbage-first heap   total 1110016K, used 513637K [0x0000000600000000, 0x0000000800000000)
  region size 4096K, 11 young (45056K), 11 survivors (45056K)
 Metaspace       used 157100K, committed 159808K, reserved 1245184K
  class space    used 21266K, committed 22592K, reserved 1048576K
}
Event: 67.162 GC heap before
{Heap before GC invocations=86 (full 0):
 garbage-first heap   total 1110016K, used 1001061K [0x0000000600000000, 0x0000000800000000)
  region size 4096K, 130 young (532480K), 11 survivors (45056K)
 Metaspace       used 157123K, committed 159872K, reserved 1245184K
  class space    used 21268K, committed 22592K, reserved 1048576K
}

