# JRE version: OpenJDK Runtime Environment (21.0.6) (build 21.0.6+-13355223-b631.42)
# Java VM: OpenJDK 64-Bit Server VM (21.0.6+-13355223-b631.42, mixed mode, tiered, compressed oops, compressed class ptrs, g1 gc, windows-amd64)
GC Precious Log:
 CardTable entry size: 512
 Card Set container configuration: InlinePtr #cards 4 size 8 Array Of Cards #cards 32 size 80 Howl #buckets 8 coarsen threshold 7372 Howl Bitmap #cards 1024 size 144 coarsen threshold 921 Card regions per heap region 1 cards per card region 8192
 CPUs: 8 total, 8 available
 Memory: 7975M
 Large Page Support: Disabled
 NUMA Support: Disabled
 Compressed Oops: Enabled (Zero based)
 Heap Region Size: 4M
 Heap Min Capacity: 8M
 Heap Initial Capacity: 128M
 Heap Max Capacity: 8G
 Pre-touch: Disabled
 Parallel Workers: 8
 Concurrent Workers: 2
 Concurrent Refinement Workers: 8
 Periodic GC: Disabled
Heap:
 garbage-first heap   total 151552K, used 97353K [0x0000000600000000, 0x0000000800000000)
  region size 4096K, 4 young (16384K), 2 survivors (8192K)
 Metaspace       used 85554K, committed 87488K, reserved 1179648K
  class space    used 11773K, committed 12800K, reserved 1048576K
GC Heap History (20 events):
Event: 6.521 GC heap before
{Heap before GC invocations=16 (full 0):
 garbage-first heap   total 122880K, used 105672K [0x0000000600000000, 0x0000000800000000)
  region size 4096K, 15 young (61440K), 3 survivors (12288K)
 Metaspace       used 71215K, committed 72960K, reserved 1114112K
  class space    used 9837K, committed 10752K, reserved 1048576K
}
Event: 6.527 GC heap after
{Heap after GC invocations=17 (full 0):
 garbage-first heap   total 122880K, used 58876K [0x0000000600000000, 0x0000000800000000)
  region size 4096K, 1 young (4096K), 1 survivors (4096K)
 Metaspace       used 71215K, committed 72960K, reserved 1114112K
  class space    used 9837K, committed 10752K, reserved 1048576K
}
Event: 6.884 GC heap before
{Heap before GC invocations=17 (full 0):
 garbage-first heap   total 122880K, used 103932K [0x0000000600000000, 0x0000000800000000)
  region size 4096K, 12 young (49152K), 1 survivors (4096K)
 Metaspace       used 74421K, committed 76160K, reserved 1179648K
  class space    used 10239K, committed 11136K, reserved 1048576K
}
Event: 6.887 GC heap after
{Heap after GC invocations=18 (full 0):
 garbage-first heap   total 122880K, used 60554K [0x0000000600000000, 0x0000000800000000)
  region size 4096K, 2 young (8192K), 2 survivors (8192K)
 Metaspace       used 74421K, committed 76160K, reserved 1179648K
  class space    used 10239K, committed 11136K, reserved 1048576K
}
Event: 7.385 GC heap before
{Heap before GC invocations=19 (full 0):
 garbage-first heap   total 122880K, used 101514K [0x0000000600000000, 0x0000000800000000)
  region size 4096K, 12 young (49152K), 2 survivors (8192K)
 Metaspace       used 76934K, committed 78720K, reserved 1179648K
  class space    used 10611K, committed 11520K, reserved 1048576K
}
Event: 7.389 GC heap after
{Heap after GC invocations=20 (full 0):
 garbage-first heap   total 122880K, used 64473K [0x0000000600000000, 0x0000000800000000)
  region size 4096K, 2 young (8192K), 2 survivors (8192K)
 Metaspace       used 76934K, committed 78720K, reserved 1179648K
  class space    used 10611K, committed 11520K, reserved 1048576K
}
Event: 7.805 GC heap before
{Heap before GC invocations=20 (full 0):
 garbage-first heap   total 122880K, used 101337K [0x0000000600000000, 0x0000000800000000)
  region size 4096K, 11 young (45056K), 2 survivors (8192K)
 Metaspace       used 80434K, committed 82368K, reserved 1179648K
  class space    used 11240K, committed 12224K, reserved 1048576K
}
Event: 7.810 GC heap after
{Heap after GC invocations=21 (full 0):
 garbage-first heap   total 122880K, used 67640K [0x0000000600000000, 0x0000000800000000)
  region size 4096K, 2 young (8192K), 2 survivors (8192K)
 Metaspace       used 80434K, committed 82368K, reserved 1179648K
  class space    used 11240K, committed 12224K, reserved 1048576K
}
Event: 8.366 GC heap before
{Heap before GC invocations=22 (full 0):
 garbage-first heap   total 122880K, used 104504K [0x0000000600000000, 0x0000000800000000)
  region size 4096K, 11 young (45056K), 2 survivors (8192K)
 Metaspace       used 81525K, committed 83456K, reserved 1179648K
  class space    used 11357K, committed 12352K, reserved 1048576K
}
Event: 8.373 GC heap after
{Heap after GC invocations=23 (full 0):
 garbage-first heap   total 122880K, used 71681K [0x0000000600000000, 0x0000000800000000)
  region size 4096K, 2 young (8192K), 2 survivors (8192K)
 Metaspace       used 81525K, committed 83456K, reserved 1179648K
  class space    used 11357K, committed 12352K, reserved 1048576K
}
Event: 8.514 GC heap before
{Heap before GC invocations=23 (full 0):
 garbage-first heap   total 122880K, used 104449K [0x0000000600000000, 0x0000000800000000)
  region size 4096K, 10 young (40960K), 2 survivors (8192K)
 Metaspace       used 81767K, committed 83648K, reserved 1179648K
  class space    used 11359K, committed 12352K, reserved 1048576K
}
Event: 8.520 GC heap after
{Heap after GC invocations=24 (full 0):
 garbage-first heap   total 122880K, used 73558K [0x0000000600000000, 0x0000000800000000)
  region size 4096K, 2 young (8192K), 2 survivors (8192K)
 Metaspace       used 81767K, committed 83648K, reserved 1179648K
  class space    used 11359K, committed 12352K, reserved 1048576K
}
Event: 8.615 GC heap before
{Heap before GC invocations=24 (full 0):
 garbage-first heap   total 122880K, used 98134K [0x0000000600000000, 0x0000000800000000)
  region size 4096K, 9 young (36864K), 2 survivors (8192K)
 Metaspace       used 81832K, committed 83776K, reserved 1179648K
  class space    used 11359K, committed 12352K, reserved 1048576K
}
Event: 8.618 GC heap after
{Heap after GC invocations=25 (full 0):
 garbage-first heap   total 147456K, used 74090K [0x0000000600000000, 0x0000000800000000)
  region size 4096K, 2 young (8192K), 2 survivors (8192K)
 Metaspace       used 81832K, committed 83776K, reserved 1179648K
  class space    used 11359K, committed 12352K, reserved 1048576K
}
Event: 8.792 GC heap before
{Heap before GC invocations=26 (full 0):
 garbage-first heap   total 147456K, used 119146K [0x0000000600000000, 0x0000000800000000)
  region size 4096K, 14 young (57344K), 2 survivors (8192K)
 Metaspace       used 81842K, committed 83776K, reserved 1179648K
  class space    used 11359K, committed 12352K, reserved 1048576K
}
Event: 8.796 GC heap after
{Heap after GC invocations=27 (full 0):
 garbage-first heap   total 147456K, used 75774K [0x0000000600000000, 0x0000000800000000)
  region size 4096K, 2 young (8192K), 2 survivors (8192K)
 Metaspace       used 81842K, committed 83776K, reserved 1179648K
  class space    used 11359K, committed 12352K, reserved 1048576K
}
Event: 9.055 GC heap before
{Heap before GC invocations=27 (full 0):
 garbage-first heap   total 147456K, used 120830K [0x0000000600000000, 0x0000000800000000)
  region size 4096K, 13 young (53248K), 2 survivors (8192K)
 Metaspace       used 83002K, committed 84928K, reserved 1179648K
  class space    used 11448K, committed 12416K, reserved 1048576K
}
Event: 9.060 GC heap after
{Heap after GC invocations=28 (full 0):
 garbage-first heap   total 151552K, used 90497K [0x0000000600000000, 0x0000000800000000)
  region size 4096K, 2 young (8192K), 2 survivors (8192K)
 Metaspace       used 83002K, committed 84928K, reserved 1179648K
  class space    used 11448K, committed 12416K, reserved 1048576K
}
Event: 9.409 GC heap before
{Heap before GC invocations=28 (full 0):
 garbage-first heap   total 151552K, used 123265K [0x0000000600000000, 0x0000000800000000)
  region size 4096K, 11 young (45056K), 2 survivors (8192K)
 Metaspace       used 85160K, committed 87104K, reserved 1179648K
  class space    used 11733K, committed 12736K, reserved 1048576K
}
Event: 9.413 GC heap after
{Heap after GC invocations=29 (full 0):
 garbage-first heap   total 151552K, used 97353K [0x0000000600000000, 0x0000000800000000)
  region size 4096K, 2 young (8192K), 2 survivors (8192K)
 Metaspace       used 85160K, committed 87104K, reserved 1179648K
  class space    used 11733K, committed 12736K, reserved 1048576K
}

