# JRE version: OpenJDK Runtime Environment (21.0.6) (build 21.0.6+-13355223-b631.42)
# Java VM: OpenJDK 64-Bit Server VM (21.0.6+-13355223-b631.42, mixed mode, tiered, compressed oops, compressed class ptrs, g1 gc, windows-amd64)
GC Precious Log:
 CardTable entry size: 512
 Card Set container configuration: InlinePtr #cards 4 size 8 Array Of Cards #cards 32 size 80 Howl #buckets 8 coarsen threshold 7372 Howl Bitmap #cards 1024 size 144 coarsen threshold 921 Card regions per heap region 1 cards per card region 8192
 CPUs: 8 total, 8 available
 Memory: 7975M
 Large Page Support: Disabled
 NUMA Support: Disabled
 Compressed Oops: Enabled (Zero based)
 Heap Region Size: 4M
 Heap Min Capacity: 8M
 Heap Initial Capacity: 128M
 Heap Max Capacity: 8G
 Pre-touch: Disabled
 Parallel Workers: 8
 Concurrent Workers: 2
 Concurrent Refinement Workers: 8
 Periodic GC: Disabled
Heap:
 garbage-first heap   total 1159168K, used 412145K [0x0000000600000000, 0x0000000800000000)
  region size 4096K, 8 young (32768K), 8 survivors (32768K)
 Metaspace       used 196402K, committed 199488K, reserved 1245184K
  class space    used 25441K, committed 26944K, reserved 1048576K
GC Heap History (20 events):
Event: 895.606 GC heap after
{Heap after GC invocations=79 (full 0):
 garbage-first heap   total 946176K, used 329187K [0x0000000600000000, 0x0000000800000000)
  region size 4096K, 10 young (40960K), 10 survivors (40960K)
 Metaspace       used 168497K, committed 171520K, reserved 1245184K
  class space    used 21577K, committed 23040K, reserved 1048576K
}
Event: 902.810 GC heap before
{Heap before GC invocations=79 (full 0):
 garbage-first heap   total 1032192K, used 1025507K [0x0000000600000000, 0x0000000800000000)
  region size 4096K, 133 young (544768K), 10 survivors (40960K)
 Metaspace       used 181539K, committed 184576K, reserved 1245184K
  class space    used 23391K, committed 24832K, reserved 1048576K
}
Event: 902.861 GC heap after
{Heap after GC invocations=80 (full 0):
 garbage-first heap   total 1089536K, used 496734K [0x0000000600000000, 0x0000000800000000)
  region size 4096K, 10 young (40960K), 10 survivors (40960K)
 Metaspace       used 181539K, committed 184576K, reserved 1245184K
  class space    used 23391K, committed 24832K, reserved 1048576K
}
Event: 903.434 GC heap before
{Heap before GC invocations=80 (full 0):
 garbage-first heap   total 1089536K, used 541790K [0x0000000600000000, 0x0000000800000000)
  region size 4096K, 22 young (90112K), 10 survivors (40960K)
 Metaspace       used 185457K, committed 188608K, reserved 1245184K
  class space    used 24027K, committed 25536K, reserved 1048576K
}
Event: 903.464 GC heap after
{Heap after GC invocations=81 (full 0):
 garbage-first heap   total 1089536K, used 503190K [0x0000000600000000, 0x0000000800000000)
  region size 4096K, 9 young (36864K), 9 survivors (36864K)
 Metaspace       used 185457K, committed 188608K, reserved 1245184K
  class space    used 24027K, committed 25536K, reserved 1048576K
}
Event: 906.239 GC heap before
{Heap before GC invocations=82 (full 0):
 garbage-first heap   total 1089536K, used 908694K [0x0000000600000000, 0x0000000800000000)
  region size 4096K, 104 young (425984K), 9 survivors (36864K)
 Metaspace       used 191985K, committed 195136K, reserved 1245184K
  class space    used 24883K, committed 26432K, reserved 1048576K
}
Event: 906.260 GC heap after
{Heap after GC invocations=83 (full 0):
 garbage-first heap   total 1089536K, used 419262K [0x0000000600000000, 0x0000000800000000)
  region size 4096K, 4 young (16384K), 4 survivors (16384K)
 Metaspace       used 191985K, committed 195136K, reserved 1245184K
  class space    used 24883K, committed 26432K, reserved 1048576K
}
Event: 915.709 GC heap before
{Heap before GC invocations=83 (full 0):
 garbage-first heap   total 1089536K, used 1082814K [0x0000000600000000, 0x0000000800000000)
  region size 4096K, 100 young (409600K), 4 survivors (16384K)
 Metaspace       used 194265K, committed 197440K, reserved 1245184K
  class space    used 25139K, committed 26688K, reserved 1048576K
}
Event: 915.828 GC heap after
{Heap after GC invocations=84 (full 0):
 garbage-first heap   total 1159168K, used 456846K [0x0000000600000000, 0x0000000800000000)
  region size 4096K, 14 young (57344K), 14 survivors (57344K)
 Metaspace       used 194265K, committed 197440K, reserved 1245184K
  class space    used 25139K, committed 26688K, reserved 1048576K
}
Event: 918.282 GC heap before
{Heap before GC invocations=84 (full 0):
 garbage-first heap   total 1159168K, used 981134K [0x0000000600000000, 0x0000000800000000)
  region size 4096K, 143 young (585728K), 14 survivors (57344K)
 Metaspace       used 195759K, committed 198976K, reserved 1245184K
  class space    used 25375K, committed 26944K, reserved 1048576K
}
Event: 918.434 GC heap after
{Heap after GC invocations=85 (full 0):
 garbage-first heap   total 1159168K, used 481141K [0x0000000600000000, 0x0000000800000000)
  region size 4096K, 8 young (32768K), 8 survivors (32768K)
 Metaspace       used 195759K, committed 198976K, reserved 1245184K
  class space    used 25375K, committed 26944K, reserved 1048576K
}
Event: 921.904 GC heap before
{Heap before GC invocations=86 (full 0):
 garbage-first heap   total 1159168K, used 919413K [0x0000000600000000, 0x0000000800000000)
  region size 4096K, 136 young (557056K), 8 survivors (32768K)
 Metaspace       used 194993K, committed 198144K, reserved 1245184K
  class space    used 25349K, committed 26944K, reserved 1048576K
}
Event: 921.938 GC heap after
{Heap after GC invocations=87 (full 0):
 garbage-first heap   total 1159168K, used 408180K [0x0000000600000000, 0x0000000800000000)
  region size 4096K, 11 young (45056K), 11 survivors (45056K)
 Metaspace       used 194993K, committed 198144K, reserved 1245184K
  class space    used 25349K, committed 26944K, reserved 1048576K
}
Event: 923.766 GC heap before
{Heap before GC invocations=87 (full 0):
 garbage-first heap   total 1159168K, used 1006196K [0x0000000600000000, 0x0000000800000000)
  region size 4096K, 158 young (647168K), 11 survivors (45056K)
 Metaspace       used 195826K, committed 198976K, reserved 1245184K
  class space    used 25403K, committed 26944K, reserved 1048576K
}
Event: 923.986 GC heap after
{Heap after GC invocations=88 (full 0):
 garbage-first heap   total 1159168K, used 418364K [0x0000000600000000, 0x0000000800000000)
  region size 4096K, 15 young (61440K), 15 survivors (61440K)
 Metaspace       used 195826K, committed 198976K, reserved 1245184K
  class space    used 25403K, committed 26944K, reserved 1048576K
}
Event: 926.144 GC heap before
{Heap before GC invocations=88 (full 0):
 garbage-first heap   total 1159168K, used 1028668K [0x0000000600000000, 0x0000000800000000)
  region size 4096K, 164 young (671744K), 15 survivors (61440K)
 Metaspace       used 196037K, committed 199168K, reserved 1245184K
  class space    used 25419K, committed 26944K, reserved 1048576K
}
Event: 926.215 GC heap after
{Heap after GC invocations=89 (full 0):
 garbage-first heap   total 1159168K, used 429667K [0x0000000600000000, 0x0000000800000000)
  region size 4096K, 12 young (49152K), 12 survivors (49152K)
 Metaspace       used 196037K, committed 199168K, reserved 1245184K
  class space    used 25419K, committed 26944K, reserved 1048576K
}
Event: 929.534 GC heap before
{Heap before GC invocations=90 (full 0):
 garbage-first heap   total 1159168K, used 1044067K [0x0000000600000000, 0x0000000800000000)
  region size 4096K, 163 young (667648K), 12 survivors (49152K)
 Metaspace       used 196271K, committed 199424K, reserved 1245184K
  class space    used 25431K, committed 26944K, reserved 1048576K
}
Event: 929.565 GC heap after
{Heap after GC invocations=91 (full 0):
 garbage-first heap   total 1159168K, used 432523K [0x0000000600000000, 0x0000000800000000)
  region size 4096K, 10 young (40960K), 10 survivors (40960K)
 Metaspace       used 196271K, committed 199424K, reserved 1245184K
  class space    used 25431K, committed 26944K, reserved 1048576K
}
Event: 930.712 GC heap before
{Heap before GC invocations=91 (full 0):
 garbage-first heap   total 1159168K, used 1051019K [0x0000000600000000, 0x0000000800000000)
  region size 4096K, 161 young (659456K), 10 survivors (40960K)
 Metaspace       used 196402K, committed 199488K, reserved 1245184K
  class space    used 25441K, committed 26944K, reserved 1048576K
}

