# JRE version: OpenJDK Runtime Environment (21.0.6) (build 21.0.6+-13355223-b631.42)
# Java VM: OpenJDK 64-Bit Server VM (21.0.6+-13355223-b631.42, mixed mode, tiered, compressed oops, compressed class ptrs, g1 gc, windows-amd64)
GC Precious Log:
 CardTable entry size: 512
 Card Set container configuration: InlinePtr #cards 4 size 8 Array Of Cards #cards 32 size 80 Howl #buckets 8 coarsen threshold 7372 Howl Bitmap #cards 1024 size 144 coarsen threshold 921 Card regions per heap region 1 cards per card region 8192
 CPUs: 8 total, 8 available
 Memory: 7975M
 Large Page Support: Disabled
 NUMA Support: Disabled
 Compressed Oops: Enabled (Zero based)
 Heap Region Size: 4M
 Heap Min Capacity: 8M
 Heap Initial Capacity: 128M
 Heap Max Capacity: 8G
 Pre-touch: Disabled
 Parallel Workers: 8
 Concurrent Workers: 2
 Concurrent Refinement Workers: 8
 Periodic GC: Disabled
Heap:
 garbage-first heap   total 118784K, used 35511K [0x0000000600000000, 0x0000000800000000)
  region size 4096K, 3 young (12288K), 2 survivors (8192K)
 Metaspace       used 51246K, committed 52672K, reserved 1114112K
  class space    used 6942K, committed 7616K, reserved 1048576K
GC Heap History (20 events):
Event: 0.343 GC heap before
{Heap before GC invocations=0 (full 0):
 garbage-first heap   total 131072K, used 20480K [0x0000000600000000, 0x0000000800000000)
  region size 4096K, 5 young (20480K), 0 survivors (0K)
 Metaspace       used 8014K, committed 8192K, reserved 1114112K
  class space    used 713K, committed 768K, reserved 1048576K
}
Event: 0.345 GC heap after
{Heap after GC invocations=1 (full 0):
 garbage-first heap   total 131072K, used 2500K [0x0000000600000000, 0x0000000800000000)
  region size 4096K, 1 young (4096K), 1 survivors (4096K)
 Metaspace       used 8014K, committed 8192K, reserved 1114112K
  class space    used 713K, committed 768K, reserved 1048576K
}
Event: 0.785 GC heap before
{Heap before GC invocations=1 (full 0):
 garbage-first heap   total 131072K, used 43460K [0x0000000600000000, 0x0000000800000000)
  region size 4096K, 10 young (40960K), 1 survivors (4096K)
 Metaspace       used 12064K, committed 12288K, reserved 1114112K
  class space    used 1267K, committed 1408K, reserved 1048576K
}
Event: 0.790 GC heap after
{Heap after GC invocations=2 (full 0):
 garbage-first heap   total 131072K, used 11838K [0x0000000600000000, 0x0000000800000000)
  region size 4096K, 2 young (8192K), 2 survivors (8192K)
 Metaspace       used 12064K, committed 12288K, reserved 1114112K
  class space    used 1267K, committed 1408K, reserved 1048576K
}
Event: 1.228 GC heap before
{Heap before GC invocations=2 (full 0):
 garbage-first heap   total 131072K, used 52798K [0x0000000600000000, 0x0000000800000000)
  region size 4096K, 13 young (53248K), 2 survivors (8192K)
 Metaspace       used 14219K, committed 14400K, reserved 1114112K
  class space    used 1551K, committed 1664K, reserved 1048576K
}
Event: 1.236 GC heap after
{Heap after GC invocations=3 (full 0):
 garbage-first heap   total 131072K, used 17742K [0x0000000600000000, 0x0000000800000000)
  region size 4096K, 2 young (8192K), 2 survivors (8192K)
 Metaspace       used 14219K, committed 14400K, reserved 1114112K
  class space    used 1551K, committed 1664K, reserved 1048576K
}
Event: 1.762 GC heap before
{Heap before GC invocations=3 (full 0):
 garbage-first heap   total 131072K, used 42318K [0x0000000600000000, 0x0000000800000000)
  region size 4096K, 9 young (36864K), 2 survivors (8192K)
 Metaspace       used 21160K, committed 21504K, reserved 1114112K
  class space    used 2428K, committed 2624K, reserved 1048576K
}
Event: 1.766 GC heap after
{Heap after GC invocations=4 (full 0):
 garbage-first heap   total 131072K, used 20186K [0x0000000600000000, 0x0000000800000000)
  region size 4096K, 3 young (12288K), 3 survivors (12288K)
 Metaspace       used 21160K, committed 21504K, reserved 1114112K
  class space    used 2428K, committed 2624K, reserved 1048576K
}
Event: 2.557 GC heap before
{Heap before GC invocations=5 (full 0):
 garbage-first heap   total 81920K, used 77530K [0x0000000600000000, 0x0000000800000000)
  region size 4096K, 17 young (69632K), 3 survivors (12288K)
 Metaspace       used 30156K, committed 30784K, reserved 1114112K
  class space    used 3843K, committed 4160K, reserved 1048576K
}
Event: 2.564 GC heap after
{Heap after GC invocations=6 (full 0):
 garbage-first heap   total 98304K, used 24214K [0x0000000600000000, 0x0000000800000000)
  region size 4096K, 2 young (8192K), 2 survivors (8192K)
 Metaspace       used 30156K, committed 30784K, reserved 1114112K
  class space    used 3843K, committed 4160K, reserved 1048576K
}
Event: 4.164 GC heap before
{Heap before GC invocations=6 (full 0):
 garbage-first heap   total 98304K, used 61078K [0x0000000600000000, 0x0000000800000000)
  region size 4096K, 12 young (49152K), 2 survivors (8192K)
 Metaspace       used 35285K, committed 36096K, reserved 1114112K
  class space    used 4707K, committed 5120K, reserved 1048576K
}
Event: 4.170 GC heap after
{Heap after GC invocations=7 (full 0):
 garbage-first heap   total 98304K, used 25665K [0x0000000600000000, 0x0000000800000000)
  region size 4096K, 2 young (8192K), 2 survivors (8192K)
 Metaspace       used 35285K, committed 36096K, reserved 1114112K
  class space    used 4707K, committed 5120K, reserved 1048576K
}
Event: 4.185 GC heap before
{Heap before GC invocations=7 (full 0):
 garbage-first heap   total 98304K, used 25665K [0x0000000600000000, 0x0000000800000000)
  region size 4096K, 3 young (12288K), 2 survivors (8192K)
 Metaspace       used 35514K, committed 36416K, reserved 1114112K
  class space    used 4747K, committed 5184K, reserved 1048576K
}
Event: 4.188 GC heap after
{Heap after GC invocations=8 (full 0):
 garbage-first heap   total 98304K, used 26393K [0x0000000600000000, 0x0000000800000000)
  region size 4096K, 1 young (4096K), 1 survivors (4096K)
 Metaspace       used 35514K, committed 36416K, reserved 1114112K
  class space    used 4747K, committed 5184K, reserved 1048576K
}
Event: 4.775 GC heap before
{Heap before GC invocations=9 (full 0):
 garbage-first heap   total 98304K, used 79641K [0x0000000600000000, 0x0000000800000000)
  region size 4096K, 14 young (57344K), 1 survivors (4096K)
 Metaspace       used 44935K, committed 46080K, reserved 1114112K
  class space    used 5932K, committed 6528K, reserved 1048576K
}
Event: 4.780 GC heap after
{Heap after GC invocations=10 (full 0):
 garbage-first heap   total 98304K, used 30977K [0x0000000600000000, 0x0000000800000000)
  region size 4096K, 2 young (8192K), 2 survivors (8192K)
 Metaspace       used 44935K, committed 46080K, reserved 1114112K
  class space    used 5932K, committed 6528K, reserved 1048576K
}
Event: 5.165 GC heap before
{Heap before GC invocations=10 (full 0):
 garbage-first heap   total 98304K, used 80129K [0x0000000600000000, 0x0000000800000000)
  region size 4096K, 14 young (57344K), 2 survivors (8192K)
 Metaspace       used 46831K, committed 48000K, reserved 1114112K
  class space    used 6215K, committed 6784K, reserved 1048576K
}
Event: 5.171 GC heap after
{Heap after GC invocations=11 (full 0):
 garbage-first heap   total 98304K, used 32949K [0x0000000600000000, 0x0000000800000000)
  region size 4096K, 1 young (4096K), 1 survivors (4096K)
 Metaspace       used 46831K, committed 48000K, reserved 1114112K
  class space    used 6215K, committed 6784K, reserved 1048576K
}
Event: 5.575 GC heap before
{Heap before GC invocations=11 (full 0):
 garbage-first heap   total 98304K, used 82101K [0x0000000600000000, 0x0000000800000000)
  region size 4096K, 13 young (53248K), 1 survivors (4096K)
 Metaspace       used 50816K, committed 52224K, reserved 1114112K
  class space    used 6877K, committed 7552K, reserved 1048576K
}
Event: 5.579 GC heap after
{Heap after GC invocations=12 (full 0):
 garbage-first heap   total 118784K, used 35511K [0x0000000600000000, 0x0000000800000000)
  region size 4096K, 2 young (8192K), 2 survivors (8192K)
 Metaspace       used 50816K, committed 52224K, reserved 1114112K
  class space    used 6877K, committed 7552K, reserved 1048576K
}

